<?xml version="1.0" encoding="UTF-8"?>
<!-- Generated by org.testng.reporters.JUnitReportReporter -->
<testsuite hostname="DESKTOP-CPG5TUI" failures="0" tests="1" name="com.GuestUserWith_CreditCard.tc__HomePageBannerPLPIn_Cc" time="13.339" errors="0" timestamp="2023-11-06T18:35:21 IST" skipped="0">
  <testcase classname="com.GuestUserWith_CreditCard.tc__HomePageBannerPLPIn_Cc" name="HomePageBannerPLPInCheckoutPaypal" time="13.339"/>
  <system-out/>
</testsuite> <!-- com.GuestUserWith_CreditCard.tc__HomePageBannerPLPIn_Cc -->
