<?xml version="1.0" encoding="UTF-8"?>
<!-- Generated by org.testng.reporters.JUnitReportReporter -->
<testsuite hostname="DESKTOP-CPG5TUI" failures="0" tests="1" name="com.RegUserWith_CreditCard.tc__SimpleProductRegUser_InCC" time="53.809" errors="0" timestamp="2023-10-16T14:04:03 IST" skipped="0">
  <testcase classname="com.RegUserWith_CreditCard.tc__SimpleProductRegUser_InCC" name="simpleProduct" time="53.809"/>
  <system-out/>
</testsuite> <!-- com.RegUserWith_CreditCard.tc__SimpleProductRegUser_InCC -->
