<?xml version="1.0" encoding="UTF-8"?>
<!-- Generated by org.testng.reporters.JUnitReportReporter -->
<testsuite hostname="DESKTOP-CPG5TUI" failures="0" tests="1" name="com.GuestUserWith_CreditCard.tc__OnlyGiftCards_GuestUser_InCc" time="69.608" errors="0" timestamp="2023-11-03T18:30:31 IST" skipped="0">
  <testcase classname="com.GuestUserWith_CreditCard.tc__OnlyGiftCards_GuestUser_InCc" name="OnlyGiftCards" time="69.608"/>
  <system-out/>
</testsuite> <!-- com.GuestUserWith_CreditCard.tc__OnlyGiftCards_GuestUser_InCc -->
