<?xml version="1.0" encoding="UTF-8"?>
<!-- Generated by org.testng.reporters.JUnitReportReporter -->
<testsuite hostname="DESKTOP-CPG5TUI" failures="0" tests="1" name="com.GuestUserWith_Checkout_Paypal.tc__RandomProducts_GuestUser" time="122.161" errors="0" timestamp="2023-11-02T19:29:29 IST" skipped="0">
  <testcase classname="com.GuestUserWith_Checkout_Paypal.tc__RandomProducts_GuestUser" name="randomProducts" time="122.161"/>
  <system-out/>
</testsuite> <!-- com.GuestUserWith_Checkout_Paypal.tc__RandomProducts_GuestUser -->
