<?xml version="1.0" encoding="UTF-8"?>
<!-- Generated by org.testng.reporters.JUnitReportReporter -->
<testsuite hostname="DESKTOP-CPG5TUI" failures="0" tests="1" name="com.GuestUserWith_ViewCart_Paypal.tc__OnlyGiftCards" time="85.681" errors="0" timestamp="2023-11-02T19:29:29 IST" skipped="0">
  <testcase classname="com.GuestUserWith_ViewCart_Paypal.tc__OnlyGiftCards" name="OnlyGiftCards" time="85.681"/>
  <system-out/>
</testsuite> <!-- com.GuestUserWith_ViewCart_Paypal.tc__OnlyGiftCards -->
