<?xml version="1.0" encoding="UTF-8"?>
<!-- Generated by org.testng.reporters.JUnitReportReporter -->
<testsuite hostname="DESKTOP-CPG5TUI" failures="0" tests="1" name="com.RegUserWith_GcAndCC.tc__OnlyGiftCards_Reg_InGcAndCC" time="83.148" errors="0" timestamp="2023-11-06T16:53:53 IST" skipped="0">
  <testcase classname="com.RegUserWith_GcAndCC.tc__OnlyGiftCards_Reg_InGcAndCC" name="OnlyGiftCards" time="83.148"/>
  <system-out/>
</testsuite> <!-- com.RegUserWith_GcAndCC.tc__OnlyGiftCards_Reg_InGcAndCC -->
