<?xml version="1.0" encoding="UTF-8"?>
<!-- Generated by org.testng.reporters.JUnitReportReporter -->
<testsuite hostname="DESKTOP-CPG5TUI" failures="0" tests="1" name="com.GuestUserWith_Checkout_Paypal.tc__PaypalFromCheckoutPage_GuestUser" time="133.037" errors="0" timestamp="2023-10-12T20:39:03 IST" skipped="0">
  <testcase classname="com.GuestUserWith_Checkout_Paypal.tc__PaypalFromCheckoutPage_GuestUser" name="paypalFromCheckoutPage" time="133.037"/>
  <system-out/>
</testsuite> <!-- com.GuestUserWith_Checkout_Paypal.tc__PaypalFromCheckoutPage_GuestUser -->
