<?xml version="1.0" encoding="UTF-8"?>
<!-- Generated by org.testng.reporters.JUnitReportReporter -->
<testsuite hostname="DESKTOP-CPG5TUI" failures="0" tests="1" name="com.providio.login.tc__Login" time="49.552" errors="0" timestamp="2023-10-25T13:56:01 IST" skipped="0">
  <testcase classname="com.providio.login.tc__Login" name="loginTest" time="49.552"/>
  <system-out/>
</testsuite> <!-- com.providio.login.tc__Login -->
