<?xml version="1.0" encoding="UTF-8"?>
<!-- Generated by org.testng.reporters.JUnitReportReporter -->
<testsuite hostname="DESKTOP-CPG5TUI" failures="0" tests="1" name="com.RegUserWith_Checkout_Paypal.tc__ShippingAndBillingAddressDiffer__Reg_CheckoutPaypal" time="46.315" errors="0" timestamp="2023-10-12T20:13:40 IST" skipped="0">
  <testcase classname="com.RegUserWith_Checkout_Paypal.tc__ShippingAndBillingAddressDiffer__Reg_CheckoutPaypal" name="shippingAndBillingAddressDiffer_Guest" time="46.315"/>
  <system-out/>
</testsuite> <!-- com.RegUserWith_Checkout_Paypal.tc__ShippingAndBillingAddressDiffer__Reg_CheckoutPaypal -->
