<?xml version="1.0" encoding="UTF-8"?>
<!-- Generated by org.testng.reporters.JUnitReportReporter -->
<testsuite hostname="DESKTOP-CPG5TUI" failures="0" tests="1" name="com.RegUserWith_GcAndCC.tc__PdpPage_RegUser_GcAndCc" time="364.476" errors="0" timestamp="2023-10-25T13:49:35 IST" skipped="0">
  <testcase classname="com.RegUserWith_GcAndCC.tc__PdpPage_RegUser_GcAndCc" name="PDPpage" time="364.476"/>
  <system-out/>
</testsuite> <!-- com.RegUserWith_GcAndCC.tc__PdpPage_RegUser_GcAndCc -->
