<?xml version="1.0" encoding="UTF-8"?>
<!-- Generated by org.testng.reporters.JUnitReportReporter -->
<testsuite hostname="DESKTOP-CPG5TUI" failures="0" tests="1" name="com.GuestUserWith_CreditCard.tc__BySearchingProduct_GuestUser_InCC" time="129.335" errors="0" timestamp="2023-10-25T12:17:50 IST" skipped="0">
  <testcase classname="com.GuestUserWith_CreditCard.tc__BySearchingProduct_GuestUser_InCC" name="bySearchingProduct" time="129.335"/>
  <system-out/>
</testsuite> <!-- com.GuestUserWith_CreditCard.tc__BySearchingProduct_GuestUser_InCC -->
