<?xml version="1.0" encoding="UTF-8"?>
<!-- Generated by org.testng.reporters.JUnitReportReporter -->
<testsuite hostname="DESKTOP-CPG5TUI" failures="0" tests="1" name="com.GuestUserWith_CreditCard.tc__OnlyGiftCardsInCc" time="68.963" errors="0" timestamp="2023-11-02T19:29:29 IST" skipped="0">
  <testcase classname="com.GuestUserWith_CreditCard.tc__OnlyGiftCardsInCc" name="OnlyGiftCards" time="68.963"/>
  <system-out/>
</testsuite> <!-- com.GuestUserWith_CreditCard.tc__OnlyGiftCardsInCc -->
