<?xml version="1.0" encoding="UTF-8"?>
<!-- Generated by org.testng.reporters.JUnitReportReporter -->
<testsuite hostname="DESKTOP-CPG5TUI" failures="0" tests="1" name="com.GuestUserWith_GiftCard.tc__RandomProducts_GuestUser_Gc" time="204.274" errors="0" timestamp="2023-11-08T09:57:52 IST" skipped="0">
  <testcase classname="com.GuestUserWith_GiftCard.tc__RandomProducts_GuestUser_Gc" name="paymentByGiftCardInGuestUser" time="204.274"/>
  <system-out/>
</testsuite> <!-- com.GuestUserWith_GiftCard.tc__RandomProducts_GuestUser_Gc -->
