<?xml version="1.0" encoding="UTF-8"?>
<!-- Generated by org.testng.reporters.JUnitReportReporter -->
<testsuite hostname="DESKTOP-CPG5TUI" failures="0" tests="1" name="com.GuestUserWith_GcAndCC.tc__simpleProductAndGc_GuestUser_InCcAndGc" time="158.939" errors="0" timestamp="2023-11-03T19:06:53 IST" skipped="0">
  <testcase classname="com.GuestUserWith_GcAndCC.tc__simpleProductAndGc_GuestUser_InCcAndGc" name="simpleProduct_Gc" time="158.939"/>
  <system-out/>
</testsuite> <!-- com.GuestUserWith_GcAndCC.tc__simpleProductAndGc_GuestUser_InCcAndGc -->
