<?xml version="1.0" encoding="UTF-8"?>
<!-- Generated by org.testng.reporters.JUnitReportReporter -->
<testsuite hostname="DESKTOP-CPG5TUI" failures="0" tests="1" name="com.GuestUserWith_GcAndCC.tc__simpleProductAndGc_InCcAndGc" time="140.533" errors="0" timestamp="2023-10-25T12:17:50 IST" skipped="0">
  <testcase classname="com.GuestUserWith_GcAndCC.tc__simpleProductAndGc_InCcAndGc" name="simpleProduct_Gc" time="140.533"/>
  <system-out/>
</testsuite> <!-- com.GuestUserWith_GcAndCC.tc__simpleProductAndGc_InCcAndGc -->
