<?xml version="1.0" encoding="UTF-8"?>
<!-- Generated by org.testng.reporters.JUnitReportReporter -->
<testsuite hostname="DESKTOP-CPG5TUI" failures="0" tests="1" name="com.GuestUserWith_GiftCard.tc__ProductSetForGuestUser_InGiftCard" time="384.862" errors="0" timestamp="2023-10-16T10:52:28 IST" skipped="0">
  <testcase classname="com.GuestUserWith_GiftCard.tc__ProductSetForGuestUser_InGiftCard" name="productSet" time="384.862"/>
  <system-out/>
</testsuite> <!-- com.GuestUserWith_GiftCard.tc__ProductSetForGuestUser_InGiftCard -->
