<?xml version="1.0" encoding="UTF-8"?>
<!-- Generated by org.testng.reporters.JUnitReportReporter -->
<testsuite hostname="DESKTOP-CPG5TUI" failures="0" tests="1" name="com.GuestUserWith_GcAndCC.tc__simpleProductAndGc_InCcAndGc" time="131.827" errors="0" timestamp="2023-10-16T10:52:28 IST" skipped="0">
  <testcase classname="com.GuestUserWith_GcAndCC.tc__simpleProductAndGc_InCcAndGc" name="simpleProduct_Gc" time="131.827"/>
  <system-out/>
</testsuite> <!-- com.GuestUserWith_GcAndCC.tc__simpleProductAndGc_InCcAndGc -->
