<?xml version="1.0" encoding="UTF-8"?>
<!-- Generated by org.testng.reporters.JUnitReportReporter -->
<testsuite hostname="DESKTOP-CPG5TUI" failures="0" tests="1" name="com.RegUserWith_GcAndCC.tc__BySearchingProduct_RegUser_InGcAndCc" time="201.274" errors="0" timestamp="2023-11-08T09:58:15 IST" skipped="0">
  <testcase classname="com.RegUserWith_GcAndCC.tc__BySearchingProduct_RegUser_InGcAndCc" name="bySearchingProduct" time="201.274"/>
  <system-out/>
</testsuite> <!-- com.RegUserWith_GcAndCC.tc__BySearchingProduct_RegUser_InGcAndCc -->
