<?xml version="1.0" encoding="UTF-8"?>
<!-- Generated by org.testng.reporters.JUnitReportReporter -->
<testsuite hostname="DESKTOP-CPG5TUI" failures="0" tests="1" name="com.providio.login.tc__Login" time="34.003" errors="0" timestamp="2023-10-16T15:48:49 IST" skipped="0">
  <testcase classname="com.providio.login.tc__Login" name="loginTest" time="34.003"/>
  <system-out/>
</testsuite> <!-- com.providio.login.tc__Login -->
