<?xml version="1.0" encoding="UTF-8"?>
<!-- Generated by org.testng.reporters.JUnitReportReporter -->
<testsuite hostname="DESKTOP-CPG5TUI" failures="0" tests="1" name="com.GuestUserWith_ViewCart_Paypal.tc__RandomProduct_GuestUser" time="78.535" errors="0" timestamp="2023-11-02T19:29:29 IST" skipped="0">
  <testcase classname="com.GuestUserWith_ViewCart_Paypal.tc__RandomProduct_GuestUser" name="paypalFromViewCartPage" time="78.535"/>
  <system-out/>
</testsuite> <!-- com.GuestUserWith_ViewCart_Paypal.tc__RandomProduct_GuestUser -->
