<?xml version="1.0" encoding="UTF-8"?>
<!-- Generated by org.testng.reporters.JUnitReportReporter -->
<testsuite hostname="DESKTOP-CPG5TUI" failures="0" tests="1" name="com.RegUserWith_GcAndPaypal.tc__BySearchingProduct_Reg_InGcAndPaypal" time="13.493" errors="0" timestamp="2023-10-20T12:49:36 IST" skipped="0">
  <testcase classname="com.RegUserWith_GcAndPaypal.tc__BySearchingProduct_Reg_InGcAndPaypal" name="bySearchingProduct" time="13.493"/>
  <system-out/>
</testsuite> <!-- com.RegUserWith_GcAndPaypal.tc__BySearchingProduct_Reg_InGcAndPaypal -->
