<?xml version="1.0" encoding="UTF-8"?>
<!-- Generated by org.testng.reporters.JUnitReportReporter -->
<testsuite hostname="DESKTOP-CPG5TUI" failures="0" tests="1" name="com.GuestUserWith_CreditCard.tc__RandomProduct_GuestUser_InCc" time="182.868" errors="0" timestamp="2023-11-16T16:52:54 IST" skipped="0">
  <testcase classname="com.GuestUserWith_CreditCard.tc__RandomProduct_GuestUser_InCc" name="guestlogin" time="182.868"/>
  <system-out/>
</testsuite> <!-- com.GuestUserWith_CreditCard.tc__RandomProduct_GuestUser_InCc -->
