<?xml version="1.0" encoding="UTF-8"?>
<!-- Generated by org.testng.reporters.JUnitReportReporter -->
<testsuite hostname="DESKTOP-CPG5TUI" failures="0" tests="1" name="com.RegUserWith_MiniCart_Paypal.tc__BundleProductForReg_InMC_Paypal" time="60.063" errors="0" timestamp="2023-10-12T13:37:39 IST" skipped="0">
  <testcase classname="com.RegUserWith_MiniCart_Paypal.tc__BundleProductForReg_InMC_Paypal" name="bundleProduct" time="60.063"/>
  <system-out/>
</testsuite> <!-- com.RegUserWith_MiniCart_Paypal.tc__BundleProductForReg_InMC_Paypal -->
