<?xml version="1.0" encoding="UTF-8"?>
<!-- Generated by org.testng.reporters.JUnitReportReporter -->
<testsuite hostname="DESKTOP-CPG5TUI" failures="0" tests="8" name="OneTimeRun.tc__createAccount" time="93.695" errors="0" timestamp="2023-11-08T09:57:52 IST" skipped="0">
  <testcase classname="OneTimeRun.tc__createAccount" name="openBrowserandClickSignInButton" time="14.595"/>
  <system-out/>
  <testcase classname="OneTimeRun.tc__createAccount" name="passwordMismatch" time="13.023"/>
  <system-out/>
  <testcase classname="OneTimeRun.tc__createAccount" name="emptyText" time="11.139"/>
  <system-out/>
  <testcase classname="OneTimeRun.tc__createAccount" name="validatePasswordStrength" time="12.743"/>
  <system-out/>
  <testcase classname="OneTimeRun.tc__createAccount" name="validatingWithExistingAccount" time="7.867"/>
  <system-out/>
  <testcase classname="OneTimeRun.tc__createAccount" name="ValidatingEmailformatError" time="7.838"/>
  <system-out/>
  <testcase classname="OneTimeRun.tc__createAccount" name="validatingPhoneNumError" time="8.164"/>
  <system-out/>
  <testcase classname="OneTimeRun.tc__createAccount" name="createAccountWithValidCredientials" time="18.326"/>
  <system-out/>
</testsuite> <!-- OneTimeRun.tc__createAccount -->
