<?xml version="1.0" encoding="UTF-8"?>
<!-- Generated by org.testng.reporters.JUnitReportReporter -->
<testsuite hostname="DESKTOP-CPG5TUI" failures="0" tests="1" name="com.GuestUserWith_ViewCart_Paypal.tc__SimpleProductsAndBundle_Gc_InVC_Paypal" time="122.874" errors="0" timestamp="2023-10-12T20:39:03 IST" skipped="0">
  <testcase classname="com.GuestUserWith_ViewCart_Paypal.tc__SimpleProductsAndBundle_Gc_InVC_Paypal" name="simpleProducts_Bundle_Gc" time="122.874"/>
  <system-out/>
</testsuite> <!-- com.GuestUserWith_ViewCart_Paypal.tc__SimpleProductsAndBundle_Gc_InVC_Paypal -->
