<?xml version="1.0" encoding="UTF-8"?>
<!-- Generated by org.testng.reporters.JUnitReportReporter -->
<testsuite hostname="DESKTOP-CPG5TUI" failures="0" tests="1" name="com.GuestUserWith_GcAndPaypal.tc__simpleProductAndGc_InGcAndPaypal" time="124.592" errors="0" timestamp="2023-10-12T20:39:03 IST" skipped="0">
  <testcase classname="com.GuestUserWith_GcAndPaypal.tc__simpleProductAndGc_InGcAndPaypal" name="simpleProduct_Gc" time="124.592"/>
  <system-out/>
</testsuite> <!-- com.GuestUserWith_GcAndPaypal.tc__simpleProductAndGc_InGcAndPaypal -->
