<?xml version="1.0" encoding="UTF-8"?>
<!-- Generated by org.testng.reporters.JUnitReportReporter -->
<testsuite hostname="DESKTOP-CPG5TUI" failures="0" tests="1" name="com.GuestUserWith_CreditCard.tc__simpleProductAndGc_InCC" time="110.474" errors="0" timestamp="2023-11-06T16:47:34 IST" skipped="0">
  <testcase classname="com.GuestUserWith_CreditCard.tc__simpleProductAndGc_InCC" name="simpleProduct_Gc" time="110.474"/>
  <system-out/>
</testsuite> <!-- com.GuestUserWith_CreditCard.tc__simpleProductAndGc_InCC -->
