<?xml version="1.0" encoding="UTF-8"?>
<!-- Generated by org.testng.reporters.JUnitReportReporter -->
<testsuite hostname="DESKTOP-CPG5TUI" failures="0" tests="1" name="com.GuestUserWith_ViewCart_Paypal.tc__OnlyGiftCards_GuestUser_VC_Paypal" time="82.635" errors="0" timestamp="2023-11-03T19:06:53 IST" skipped="0">
  <testcase classname="com.GuestUserWith_ViewCart_Paypal.tc__OnlyGiftCards_GuestUser_VC_Paypal" name="OnlyGiftCards" time="82.635"/>
  <system-out/>
</testsuite> <!-- com.GuestUserWith_ViewCart_Paypal.tc__OnlyGiftCards_GuestUser_VC_Paypal -->
