<?xml version="1.0" encoding="UTF-8"?>
<!-- Generated by org.testng.reporters.JUnitReportReporter -->
<testsuite hostname="DESKTOP-CPG5TUI" failures="0" tests="1" name="com.GuestUserWith_Checkout_Paypal.tc__OnlyGiftCards_CheckoutPaypal_GuestUser" time="127.040" errors="0" timestamp="2023-11-08T09:57:52 IST" skipped="0">
  <testcase classname="com.GuestUserWith_Checkout_Paypal.tc__OnlyGiftCards_CheckoutPaypal_GuestUser" name="OnlyGiftCards" time="127.040"/>
  <system-out/>
</testsuite> <!-- com.GuestUserWith_Checkout_Paypal.tc__OnlyGiftCards_CheckoutPaypal_GuestUser -->
