<?xml version="1.0" encoding="UTF-8"?>
<!-- Generated by org.testng.reporters.JUnitReportReporter -->
<testsuite hostname="DESKTOP-CPG5TUI" failures="0" tests="1" name="com.RegUserWith_Checkout_Paypal.tc__SimpleProductAndGc_InCheckout_Paypal_RegUser" time="189.119" errors="0" timestamp="2023-11-06T16:53:53 IST" skipped="0">
  <testcase classname="com.RegUserWith_Checkout_Paypal.tc__SimpleProductAndGc_InCheckout_Paypal_RegUser" name="simpleProduct_Gc" time="189.119"/>
  <system-out/>
</testsuite> <!-- com.RegUserWith_Checkout_Paypal.tc__SimpleProductAndGc_InCheckout_Paypal_RegUser -->
