<?xml version="1.0" encoding="UTF-8"?>
<!-- Generated by org.testng.reporters.JUnitReportReporter -->
<testsuite hostname="DESKTOP-CPG5TUI" failures="0" tests="1" name="com.providio.logout.tc__LogOut" time="25.010" errors="0" timestamp="2023-10-25T13:49:35 IST" skipped="0">
  <testcase classname="com.providio.logout.tc__LogOut" name="Logout" time="25.010"/>
  <system-out/>
</testsuite> <!-- com.providio.logout.tc__LogOut -->
