<?xml version="1.0" encoding="UTF-8"?>
<!-- Generated by org.testng.reporters.JUnitReportReporter -->
<testsuite hostname="DESKTOP-CPG5TUI" failures="0" tests="1" name="com.GuestUserWith_Checkout_Paypal.tc__OnlyGiftCards_CheckoutPaypal_GuestUser" time="130.260" errors="0" timestamp="2023-11-06T16:47:34 IST" skipped="0">
  <testcase classname="com.GuestUserWith_Checkout_Paypal.tc__OnlyGiftCards_CheckoutPaypal_GuestUser" name="OnlyGiftCards" time="130.260"/>
  <system-out/>
</testsuite> <!-- com.GuestUserWith_Checkout_Paypal.tc__OnlyGiftCards_CheckoutPaypal_GuestUser -->
