<?xml version="1.0" encoding="UTF-8"?>
<!-- Generated by org.testng.reporters.JUnitReportReporter -->
<testsuite hostname="DESKTOP-CPG5TUI" failures="0" tests="1" name="com.RegUserWith_MiniCart_Paypal.tc__SimpleProductForReg_InMC_Paypal" time="66.459" errors="0" timestamp="2023-10-12T13:37:39 IST" skipped="0">
  <testcase classname="com.RegUserWith_MiniCart_Paypal.tc__SimpleProductForReg_InMC_Paypal" name="simpleProduct" time="66.459"/>
  <system-out/>
</testsuite> <!-- com.RegUserWith_MiniCart_Paypal.tc__SimpleProductForReg_InMC_Paypal -->
