<?xml version="1.0" encoding="UTF-8"?>
<!-- Generated by org.testng.reporters.JUnitReportReporter -->
<testsuite hostname="DESKTOP-CPG5TUI" failures="0" tests="1" name="com.GuestUserWith_GcAndPaypal.tc__RandomProductsRegUser_InGcAndPaypal" time="235.371" errors="0" timestamp="2023-11-08T09:57:52 IST" skipped="0">
  <testcase classname="com.GuestUserWith_GcAndPaypal.tc__RandomProductsRegUser_InGcAndPaypal" name="simpleProduct" time="235.371"/>
  <system-out/>
</testsuite> <!-- com.GuestUserWith_GcAndPaypal.tc__RandomProductsRegUser_InGcAndPaypal -->
