<?xml version="1.0" encoding="UTF-8"?>
<!-- Generated by org.testng.reporters.JUnitReportReporter -->
<testsuite hostname="DESKTOP-CPG5TUI" failures="0" tests="1" name="OneTimeRun.Filters" time="20.423" errors="0" timestamp="2023-11-08T17:14:59 IST" skipped="0">
  <testcase classname="OneTimeRun.Filters" name="filters" time="20.423"/>
  <system-out/>
</testsuite> <!-- OneTimeRun.Filters -->
