<?xml version="1.0" encoding="UTF-8"?>
<!-- Generated by org.testng.reporters.JUnitReportReporter -->
<testsuite hostname="DESKTOP-CPG5TUI" failures="0" tests="1" name="com.commonfunctionality.SelectionFromNavToPdp" time="79.077" errors="0" timestamp="2023-11-02T15:47:46 IST" skipped="0">
  <testcase classname="com.commonfunctionality.SelectionFromNavToPdp" name="selectingFromPdp" time="79.077"/>
  <system-out/>
</testsuite> <!-- com.commonfunctionality.SelectionFromNavToPdp -->
