<?xml version="1.0" encoding="UTF-8"?>
<!-- Generated by org.testng.reporters.JUnitReportReporter -->
<testsuite hostname="DESKTOP-CPG5TUI" failures="0" tests="1" name="com.GuestUserWith_Checkout_Paypal.tc__OnlyGiftCards_CheckoutPaypal_GuestUser" time="93.385" errors="0" timestamp="2023-11-03T19:06:53 IST" skipped="0">
  <testcase classname="com.GuestUserWith_Checkout_Paypal.tc__OnlyGiftCards_CheckoutPaypal_GuestUser" name="OnlyGiftCards" time="93.385"/>
  <system-out/>
</testsuite> <!-- com.GuestUserWith_Checkout_Paypal.tc__OnlyGiftCards_CheckoutPaypal_GuestUser -->
