<?xml version="1.0" encoding="UTF-8"?>
<!-- Generated by org.testng.reporters.JUnitReportReporter -->
<testsuite hostname="DESKTOP-CPG5TUI" failures="0" tests="1" name="com.GuestUserWith_Checkout_Paypal.tc__SimpleProductAndGc_InCheckout_Paypal" time="89.573" errors="0" timestamp="2023-11-02T11:51:58 IST" skipped="0">
  <testcase classname="com.GuestUserWith_Checkout_Paypal.tc__SimpleProductAndGc_InCheckout_Paypal" name="simpleProduct_Gc" time="89.573"/>
  <system-out/>
</testsuite> <!-- com.GuestUserWith_Checkout_Paypal.tc__SimpleProductAndGc_InCheckout_Paypal -->
