<?xml version="1.0" encoding="UTF-8"?>
<!-- Generated by org.testng.reporters.JUnitReportReporter -->
<testsuite hostname="DESKTOP-CPG5TUI" failures="0" tests="1" name="com.RegUserWith_GcAndCC.tc__SimpleProductsAndBundle_Gc_Reg_InGcAndCC" time="151.986" errors="0" timestamp="2023-10-16T14:04:03 IST" skipped="0">
  <testcase classname="com.RegUserWith_GcAndCC.tc__SimpleProductsAndBundle_Gc_Reg_InGcAndCC" name="simpleProducts_Bundle_Gc" time="151.986"/>
  <system-out/>
</testsuite> <!-- com.RegUserWith_GcAndCC.tc__SimpleProductsAndBundle_Gc_Reg_InGcAndCC -->
