<?xml version="1.0" encoding="UTF-8"?>
<!-- Generated by org.testng.reporters.JUnitReportReporter -->
<testsuite hostname="DESKTOP-CPG5TUI" failures="0" tests="1" name="com.GuestUserWith_ViewCart_Paypal.tc__OnlyGiftCards" time="126.937" errors="0" timestamp="2023-11-01T12:46:09 IST" skipped="0">
  <testcase classname="com.GuestUserWith_ViewCart_Paypal.tc__OnlyGiftCards" name="OnlyGiftCards" time="126.937"/>
  <system-out/>
</testsuite> <!-- com.GuestUserWith_ViewCart_Paypal.tc__OnlyGiftCards -->
