<?xml version="1.0" encoding="UTF-8"?>
<!-- Generated by org.testng.reporters.JUnitReportReporter -->
<testsuite hostname="DESKTOP-CPG5TUI" failures="0" tests="1" name="com.GuestUserWith_CreditCard.tc__ProductSetForGuestUser_InCC" time="180.418" errors="0" timestamp="2023-10-16T10:52:28 IST" skipped="0">
  <testcase classname="com.GuestUserWith_CreditCard.tc__ProductSetForGuestUser_InCC" name="productSet" time="180.418"/>
  <system-out/>
</testsuite> <!-- com.GuestUserWith_CreditCard.tc__ProductSetForGuestUser_InCC -->
