<?xml version="1.0" encoding="UTF-8"?>
<!-- Generated by org.testng.reporters.JUnitReportReporter -->
<testsuite hostname="DESKTOP-CPG5TUI" failures="0" tests="1" name="com.RegUserWith_GcAndPaypal.tc__RandomProductsGuestUser_InGcAndPaypal" time="185.624" errors="0" timestamp="2023-11-08T09:58:15 IST" skipped="0">
  <testcase classname="com.RegUserWith_GcAndPaypal.tc__RandomProductsGuestUser_InGcAndPaypal" name="simpleProduct" time="185.624"/>
  <system-out/>
</testsuite> <!-- com.RegUserWith_GcAndPaypal.tc__RandomProductsGuestUser_InGcAndPaypal -->
