<?xml version="1.0" encoding="UTF-8"?>
<!-- Generated by org.testng.reporters.JUnitReportReporter -->
<testsuite hostname="DESKTOP-CPG5TUI" failures="0" tests="1" name="com.GuestUserWith_ViewCart_Paypal.tc__simpleProductAndGc_InVC_Paypal" time="100.318" errors="0" timestamp="2023-10-20T13:09:02 IST" skipped="0">
  <testcase classname="com.GuestUserWith_ViewCart_Paypal.tc__simpleProductAndGc_InVC_Paypal" name="simpleProduct_Gc" time="100.318"/>
  <system-out/>
</testsuite> <!-- com.GuestUserWith_ViewCart_Paypal.tc__simpleProductAndGc_InVC_Paypal -->
