<?xml version="1.0" encoding="UTF-8"?>
<!-- Generated by org.testng.reporters.JUnitReportReporter -->
<testsuite hostname="DESKTOP-CPG5TUI" failures="0" tests="1" name="com.GuestUserWith_Checkout_Paypal.tc__RandomProducts_CheckoutPaypal_GuestUser" time="116.231" errors="0" timestamp="2023-11-03T17:50:32 IST" skipped="0">
  <testcase classname="com.GuestUserWith_Checkout_Paypal.tc__RandomProducts_CheckoutPaypal_GuestUser" name="randomProducts" time="116.231"/>
  <system-out/>
</testsuite> <!-- com.GuestUserWith_Checkout_Paypal.tc__RandomProducts_CheckoutPaypal_GuestUser -->
