<?xml version="1.0" encoding="UTF-8"?>
<!-- Generated by org.testng.reporters.JUnitReportReporter -->
<testsuite hostname="DESKTOP-CPG5TUI" failures="0" tests="1" name="com.GuestUserWith_Minicart_Paypal.tc__VariationProductForGuestUser_InMC_Paypal" time="78.017" errors="0" timestamp="2023-10-12T14:10:05 IST" skipped="0">
  <testcase classname="com.GuestUserWith_Minicart_Paypal.tc__VariationProductForGuestUser_InMC_Paypal" name="variationProduct" time="78.017"/>
  <system-out/>
</testsuite> <!-- com.GuestUserWith_Minicart_Paypal.tc__VariationProductForGuestUser_InMC_Paypal -->
