<?xml version="1.0" encoding="UTF-8"?>
<!-- Generated by org.testng.reporters.JUnitReportReporter -->
<testsuite hostname="DESKTOP-CPG5TUI" failures="0" tests="1" name="com.RegUserWith_GiftCard.tc__SimpleProductsAndBundle_Gc_Reg_InGc" time="139.980" errors="0" timestamp="2023-10-25T13:49:35 IST" skipped="0">
  <testcase classname="com.RegUserWith_GiftCard.tc__SimpleProductsAndBundle_Gc_Reg_InGc" name="simpleProducts_Bundle_Gc" time="139.980"/>
  <system-out/>
</testsuite> <!-- com.RegUserWith_GiftCard.tc__SimpleProductsAndBundle_Gc_Reg_InGc -->
