<?xml version="1.0" encoding="UTF-8"?>
<!-- Generated by org.testng.reporters.JUnitReportReporter -->
<testsuite hostname="DESKTOP-CPG5TUI" failures="0" tests="1" name="com.GuestUserWith_ViewCart_Paypal.tc__Bundle_GcAndAllPromotions_Guest_InVC_Paypal" time="117.969" errors="0" timestamp="2023-10-12T20:39:03 IST" skipped="0">
  <testcase classname="com.GuestUserWith_ViewCart_Paypal.tc__Bundle_GcAndAllPromotions_Guest_InVC_Paypal" name="bundle_GcAndAllPromotions" time="117.969"/>
  <system-out/>
</testsuite> <!-- com.GuestUserWith_ViewCart_Paypal.tc__Bundle_GcAndAllPromotions_Guest_InVC_Paypal -->
