<?xml version="1.0" encoding="UTF-8"?>
<!-- Generated by org.testng.reporters.JUnitReportReporter -->
<testsuite hostname="DESKTOP-CPG5TUI" failures="0" tests="1" name="com.GuestUserWith_CreditCard.tc__OnlyGiftCardsInCc" time="77.649" errors="0" timestamp="2023-11-01T18:27:08 IST" skipped="0">
  <testcase classname="com.GuestUserWith_CreditCard.tc__OnlyGiftCardsInCc" name="OnlyGiftCards" time="77.649"/>
  <system-out/>
</testsuite> <!-- com.GuestUserWith_CreditCard.tc__OnlyGiftCardsInCc -->
