<?xml version="1.0" encoding="UTF-8"?>
<!-- Generated by org.testng.reporters.JUnitReportReporter -->
<testsuite hostname="DESKTOP-CPG5TUI" failures="0" tests="1" name="com.GuestUserWith_GcAndCC.tc__RandomProductsGuestUser_InGcAndCC" time="290.420" errors="0" timestamp="2023-11-03T19:06:53 IST" skipped="0">
  <testcase classname="com.GuestUserWith_GcAndCC.tc__RandomProductsGuestUser_InGcAndCC" name="simpleProduct" time="290.420"/>
  <system-out/>
</testsuite> <!-- com.GuestUserWith_GcAndCC.tc__RandomProductsGuestUser_InGcAndCC -->
