<?xml version="1.0" encoding="UTF-8"?>
<!-- Generated by org.testng.reporters.JUnitReportReporter -->
<testsuite hostname="DESKTOP-CPG5TUI" failures="0" tests="1" name="com.GuestUserWith_GiftCard.tc__BySearchingProduct_Guest_InGc" time="155.869" errors="0" timestamp="2023-11-08T09:57:52 IST" skipped="0">
  <testcase classname="com.GuestUserWith_GiftCard.tc__BySearchingProduct_Guest_InGc" name="bySearchingProduct" time="155.869"/>
  <system-out/>
</testsuite> <!-- com.GuestUserWith_GiftCard.tc__BySearchingProduct_Guest_InGc -->
