<?xml version="1.0" encoding="UTF-8"?>
<!-- Generated by org.testng.reporters.JUnitReportReporter -->
<testsuite hostname="DESKTOP-CPG5TUI" failures="0" tests="1" name="com.GuestUserWith_GcAndCC.tc__SimpleProductForGuestUser_InGcAndCC" time="196.548" errors="0" timestamp="2023-10-25T12:17:50 IST" skipped="0">
  <testcase classname="com.GuestUserWith_GcAndCC.tc__SimpleProductForGuestUser_InGcAndCC" name="simpleProduct" time="196.548"/>
  <system-out/>
</testsuite> <!-- com.GuestUserWith_GcAndCC.tc__SimpleProductForGuestUser_InGcAndCC -->
