<?xml version="1.0" encoding="UTF-8"?>
<!-- Generated by org.testng.reporters.JUnitReportReporter -->
<testsuite hostname="DESKTOP-CPG5TUI" failures="0" tests="1" name="com.GuestUserWith_GcAndPaypal.tc__simpleProductAndGc_InGcAndPaypal" time="167.588" errors="0" timestamp="2023-11-06T16:47:34 IST" skipped="0">
  <testcase classname="com.GuestUserWith_GcAndPaypal.tc__simpleProductAndGc_InGcAndPaypal" name="simpleProduct_Gc" time="167.588"/>
  <system-out/>
</testsuite> <!-- com.GuestUserWith_GcAndPaypal.tc__simpleProductAndGc_InGcAndPaypal -->
