<?xml version="1.0" encoding="UTF-8"?>
<!-- Generated by org.testng.reporters.JUnitReportReporter -->
<testsuite hostname="DESKTOP-CPG5TUI" failures="0" tests="1" name="com.RegUserWith_GiftCard.tc__OnlyGiftCards_Reg_InGc" time="110.299" errors="0" timestamp="2023-11-08T09:58:15 IST" skipped="0">
  <testcase classname="com.RegUserWith_GiftCard.tc__OnlyGiftCards_Reg_InGc" name="OnlyGiftCards" time="110.299"/>
  <system-out/>
</testsuite> <!-- com.RegUserWith_GiftCard.tc__OnlyGiftCards_Reg_InGc -->
