<?xml version="1.0" encoding="UTF-8"?>
<!-- Generated by org.testng.reporters.JUnitReportReporter -->
<testsuite hostname="DESKTOP-CPG5TUI" failures="0" tests="1" name="com.RegUserWith_Checkout_Paypal.tc__OnlyGiftCards_Checkout_Paypal_RegUser" time="103.159" errors="0" timestamp="2023-11-08T09:58:15 IST" skipped="0">
  <testcase classname="com.RegUserWith_Checkout_Paypal.tc__OnlyGiftCards_Checkout_Paypal_RegUser" name="OnlyGiftCards" time="103.159"/>
  <system-out/>
</testsuite> <!-- com.RegUserWith_Checkout_Paypal.tc__OnlyGiftCards_Checkout_Paypal_RegUser -->
