<?xml version="1.0" encoding="UTF-8"?>
<!-- Generated by org.testng.reporters.JUnitReportReporter -->
<testsuite hostname="DESKTOP-CPG5TUI" failures="0" tests="1" name="com.RegUserWith_CreditCard.tc__ProductSetReg_InCC" time="177.460" errors="0" timestamp="2023-10-25T13:49:35 IST" skipped="0">
  <testcase classname="com.RegUserWith_CreditCard.tc__ProductSetReg_InCC" name="productSet" time="177.460"/>
  <system-out/>
</testsuite> <!-- com.RegUserWith_CreditCard.tc__ProductSetReg_InCC -->
