<?xml version="1.0" encoding="UTF-8"?>
<!-- Generated by org.testng.reporters.JUnitReportReporter -->
<testsuite hostname="DESKTOP-CPG5TUI" failures="0" tests="1" name="OneTimeRun.Footer" time="51.288" errors="0" timestamp="2023-11-08T09:57:52 IST" skipped="0">
  <testcase classname="OneTimeRun.Footer" name="footer" time="51.288"/>
  <system-out/>
</testsuite> <!-- OneTimeRun.Footer -->
