<?xml version="1.0" encoding="UTF-8"?>
<!-- Generated by org.testng.reporters.JUnitReportReporter -->
<testsuite hostname="DESKTOP-CPG5TUI" failures="0" tests="1" name="com.RegUserWith_GcAndCC.tc__BySearchingProduct_RegUser_InGcAndCc" time="229.739" errors="0" timestamp="2023-11-06T16:53:53 IST" skipped="0">
  <testcase classname="com.RegUserWith_GcAndCC.tc__BySearchingProduct_RegUser_InGcAndCc" name="bySearchingProduct" time="229.739"/>
  <system-out/>
</testsuite> <!-- com.RegUserWith_GcAndCC.tc__BySearchingProduct_RegUser_InGcAndCc -->
