<?xml version="1.0" encoding="UTF-8"?>
<!-- Generated by org.testng.reporters.JUnitReportReporter -->
<testsuite hostname="DESKTOP-CPG5TUI" failures="0" tests="1" name="com.RegUserWith_GcAndCC.tc__Bundle_GcAndAllPromotions_Reg_InGcAndCC" time="345.823" errors="0" timestamp="2023-10-25T13:49:35 IST" skipped="0">
  <testcase classname="com.RegUserWith_GcAndCC.tc__Bundle_GcAndAllPromotions_Reg_InGcAndCC" name="bundle_GcAndAllPromotions" time="345.823"/>
  <system-out/>
</testsuite> <!-- com.RegUserWith_GcAndCC.tc__Bundle_GcAndAllPromotions_Reg_InGcAndCC -->
