<?xml version="1.0" encoding="UTF-8"?>
<!-- Generated by org.testng.reporters.JUnitReportReporter -->
<testsuite hostname="DESKTOP-CPG5TUI" failures="0" tests="1" name="com.RegUserWith_CreditCard.tc__By_BuyNow_Button" time="38.003" errors="0" timestamp="2023-10-25T13:49:35 IST" skipped="0">
  <testcase classname="com.RegUserWith_CreditCard.tc__By_BuyNow_Button" name="byNowButton" time="38.003"/>
  <system-out/>
</testsuite> <!-- com.RegUserWith_CreditCard.tc__By_BuyNow_Button -->
