<?xml version="1.0" encoding="UTF-8"?>
<!-- Generated by org.testng.reporters.JUnitReportReporter -->
<testsuite hostname="DESKTOP-CPG5TUI" failures="0" tests="1" name="com.GuestUserWith_ViewCart_Paypal.tc__RandomProduct_GuestUser_VC_Paypal" time="93.477" errors="0" timestamp="2023-11-06T16:47:34 IST" skipped="0">
  <testcase classname="com.GuestUserWith_ViewCart_Paypal.tc__RandomProduct_GuestUser_VC_Paypal" name="paypalFromViewCartPage" time="93.477"/>
  <system-out/>
</testsuite> <!-- com.GuestUserWith_ViewCart_Paypal.tc__RandomProduct_GuestUser_VC_Paypal -->
