<?xml version="1.0" encoding="UTF-8"?>
<!-- Generated by org.testng.reporters.JUnitReportReporter -->
<testsuite hostname="DESKTOP-CPG5TUI" failures="0" tests="1" name="com.RegUserWith_Checkout_Paypal.tc__BySearchingProduct_RegUser_InCheckoutPaypal" time="92.775" errors="0" timestamp="2023-11-06T16:53:53 IST" skipped="0">
  <testcase classname="com.RegUserWith_Checkout_Paypal.tc__BySearchingProduct_RegUser_InCheckoutPaypal" name="bySearchingProduct" time="92.775"/>
  <system-out/>
</testsuite> <!-- com.RegUserWith_Checkout_Paypal.tc__BySearchingProduct_RegUser_InCheckoutPaypal -->
