<?xml version="1.0" encoding="UTF-8"?>
<!-- Generated by org.testng.reporters.JUnitReportReporter -->
<testsuite hostname="DESKTOP-CPG5TUI" failures="0" tests="1" name="com.RegUserWith_CreditCard.tc__BundleProductRegUser_InCC" time="116.101" errors="0" timestamp="2023-10-16T15:27:51 IST" skipped="0">
  <testcase classname="com.RegUserWith_CreditCard.tc__BundleProductRegUser_InCC" name="bundleProduct" time="116.101"/>
  <system-out/>
</testsuite> <!-- com.RegUserWith_CreditCard.tc__BundleProductRegUser_InCC -->
