<?xml version="1.0" encoding="UTF-8"?>
<!-- Generated by org.testng.reporters.JUnitReportReporter -->
<testsuite hostname="DESKTOP-CPG5TUI" failures="0" tests="1" name="com.GuestUserWith_GiftCard.tc__VariationProductForGuestUser_InGiftCard" time="251.648" errors="0" timestamp="2023-10-25T12:17:50 IST" skipped="0">
  <testcase classname="com.GuestUserWith_GiftCard.tc__VariationProductForGuestUser_InGiftCard" name="variationProduct" time="251.648"/>
  <system-out/>
</testsuite> <!-- com.GuestUserWith_GiftCard.tc__VariationProductForGuestUser_InGiftCard -->
