<?xml version="1.0" encoding="UTF-8"?>
<!-- Generated by org.testng.reporters.JUnitReportReporter -->
<testsuite hostname="DESKTOP-CPG5TUI" failures="0" tests="1" name="com.PageObjects.Footer" time="9.554" errors="0" timestamp="2023-11-06T18:32:50 IST" skipped="0">
  <testcase classname="com.PageObjects.Footer" name="footer" time="9.554"/>
  <system-out/>
</testsuite> <!-- com.PageObjects.Footer -->
