<?xml version="1.0" encoding="UTF-8"?>
<!-- Generated by org.testng.reporters.JUnitReportReporter -->
<testsuite hostname="DESKTOP-CPG5TUI" failures="0" tests="1" name="com.GuestUserWith_ViewCart_Paypal.tc__RandomProduct_GuestUser_VC_Paypal" time="175.566" errors="0" timestamp="2023-11-08T09:57:52 IST" skipped="0">
  <testcase classname="com.GuestUserWith_ViewCart_Paypal.tc__RandomProduct_GuestUser_VC_Paypal" name="paypalFromViewCartPage" time="175.566"/>
  <system-out/>
</testsuite> <!-- com.GuestUserWith_ViewCart_Paypal.tc__RandomProduct_GuestUser_VC_Paypal -->
