<?xml version="1.0" encoding="UTF-8"?>
<!-- Generated by org.testng.reporters.JUnitReportReporter -->
<testsuite hostname="DESKTOP-CPG5TUI" failures="0" tests="1" name="com.logout.tc__LogOut" time="28.532" errors="0" timestamp="2023-11-08T09:58:15 IST" skipped="0">
  <testcase classname="com.logout.tc__LogOut" name="Logout" time="28.532"/>
  <system-out/>
</testsuite> <!-- com.logout.tc__LogOut -->
