<?xml version="1.0" encoding="UTF-8"?>
<!-- Generated by org.testng.reporters.JUnitReportReporter -->
<testsuite hostname="DESKTOP-CPG5TUI" failures="0" tests="1" name="OneTimeRun.Filters" time="24.611" errors="0" timestamp="2023-11-09T12:40:46 IST" skipped="0">
  <testcase classname="OneTimeRun.Filters" name="filters" time="24.611"/>
  <system-out/>
</testsuite> <!-- OneTimeRun.Filters -->
