<?xml version="1.0" encoding="UTF-8"?>
<!-- Generated by org.testng.reporters.JUnitReportReporter -->
<testsuite hostname="DESKTOP-CPG5TUI" failures="0" tests="1" name="com.login.tc__Login" time="38.198" errors="0" timestamp="2023-11-06T18:14:24 IST" skipped="0">
  <testcase classname="com.login.tc__Login" name="loginTest" time="38.198"/>
  <system-out/>
</testsuite> <!-- com.login.tc__Login -->
