<?xml version="1.0" encoding="UTF-8"?>
<!-- Generated by org.testng.reporters.JUnitReportReporter -->
<testsuite hostname="DESKTOP-CPG5TUI" failures="0" tests="1" name="com.GuestUserWith_GcAndCC.tc__simpleProductAndGc_InCCAndCc" time="116.518" errors="0" timestamp="2023-11-03T20:07:44 IST" skipped="0">
  <testcase classname="com.GuestUserWith_GcAndCC.tc__simpleProductAndGc_InCCAndCc" name="simpleProduct_Gc" time="116.518"/>
  <system-out/>
</testsuite> <!-- com.GuestUserWith_GcAndCC.tc__simpleProductAndGc_InCCAndCc -->
