<?xml version="1.0" encoding="UTF-8"?>
<!-- Generated by org.testng.reporters.JUnitReportReporter -->
<testsuite hostname="DESKTOP-CPG5TUI" failures="0" tests="1" name="com.GuestUserWith_GiftCard.tc__RandomProducts_GuestUser" time="138.721" errors="0" timestamp="2023-11-02T17:37:42 IST" skipped="0">
  <testcase classname="com.GuestUserWith_GiftCard.tc__RandomProducts_GuestUser" name="paymentByGiftCardInGuestUser" time="138.721"/>
  <system-out/>
</testsuite> <!-- com.GuestUserWith_GiftCard.tc__RandomProducts_GuestUser -->
